global_palette.h
global_palette.c
tetrisidleright1.h
tetrisidleright1.c
tetrisidleleft1.h
tetrisidleleft1.c
tetrisshield1.h
tetrisshield1.c
tetrisdodgeright1.h
tetrisdodgeright1.c
tetrisdodgeleft1.h
tetrisdodgeleft1.c
tetrisattackneutralleft1.h
tetrisattackneutralleft1.c
tetrisattackneutralright1.h
tetrisattackneutralright1.c
tetrisattacksmashcharge1.h
tetrisattacksmashcharge1.c
tetrisattacksmash1.h
tetrisattacksmash1.c
tetrisattackspecial1.h
tetrisattackspecial1.c
tetrisattackrecovery1.h
tetrisattackrecovery1.c
tetrisattackrecovery2.h
tetrisattackrecovery2.c
finalDes.h
finalDes.c
gfx.h
